Welcome to Ubuntu 22.04.2 LTS (GNU/Linux 5.15.0-78-generic x86_64)

 * Documentation:  https://help.ubuntu.com
 * Management:     https://landscape.canonical.com
 * Support:        https://ubuntu.com/advantage

  System information as of Wed Aug  9 03:41:53 PM UTC 2023

  System load:                   0.97509765625
  Usage of /:                    46.4% of 97.87GB
  Memory usage:                  12%
  Swap usage:                    0%
  Temperature:                   42.0 C
  Processes:                     418
  Users logged in:               0
  IPv4 address for eno1:         192.168.0.10
  IPv4 address for lxdbr0:       10.238.139.1
  IPv6 address for lxdbr0:       fd42:d065:a7cd:8980::1
  IPv4 address for veth27f8327f: 169.254.0.1
  IPv4 address for veth29410d4f: 169.254.0.1
  IPv4 address for veth53aac81e: 169.254.0.1
  IPv4 address for veth6cca7b6a: 169.254.0.1
  IPv4 address for vethe1e13c58: 169.254.0.1
  IPv4 address for vethf06b3a01: 169.254.0.1
  IPv4 address for vethf293f269: 169.254.0.1

 * Strictly confined Kubernetes makes edge and IoT secure. Learn how MicroK8s
   just raised the bar for easy, resilient and secure K8s cluster deployment.

   https://ubuntu.com/engage/secure-kubernetes-at-the-edge

Expanded Security Maintenance for Applications is not enabled.

19 updates can be applied immediately.
To see these additional updates run: apt list --upgradable

2 additional security updates can be applied with ESM Apps.
Learn more about enabling ESM Apps service at https://ubuntu.com/esm


Last login: Wed Aug  9 14:08:53 2023 from 127.0.0.1
emp-10@emp-10:~$ fish
Welcome to fish, the friendly interactive shell
Type help for instructions on how to use fish
emp-10@emp-10 ~> ssh emp-09@192.168.0.9
Welcome to Ubuntu 22.04.2 LTS (GNU/Linux 5.15.0-78-generic x86_64)

 * Documentation:  https://help.ubuntu.com
 * Management:     https://landscape.canonical.com
 * Support:        https://ubuntu.com/advantage

  System information as of Wed Aug  9 03:42:21 PM UTC 2023

  System load:                   2.50927734375
  Usage of /:                    65.0% of 97.87GB
  Memory usage:                  42%
  Swap usage:                    0%
  Temperature:                   48.0 C
  Processes:                     470
  Users logged in:               0
  IPv4 address for eno1:         192.168.0.9
  IPv4 address for lxdbr0:       10.100.188.1
  IPv6 address for lxdbr0:       fd42:2fbe:aa95:9aa3::1
  IPv4 address for veth0cc9d64e: 169.254.0.1
  IPv4 address for veth337897fb: 169.254.0.1
  IPv4 address for veth5988a838: 169.254.0.1
  IPv4 address for vethc47bf6ef: 169.254.0.1
  IPv4 address for vethcd3fa387: 169.254.0.1
  IPv4 address for vethf27e3c03: 169.254.0.1
  IPv4 address for vethff40c1c4: 169.254.0.1

 * Strictly confined Kubernetes makes edge and IoT secure. Learn how MicroK8s
   just raised the bar for easy, resilient and secure K8s cluster deployment.

   https://ubuntu.com/engage/secure-kubernetes-at-the-edge

Expanded Security Maintenance for Applications is not enabled.

21 updates can be applied immediately.
To see these additional updates run: apt list --upgradable

2 additional security updates can be applied with ESM Apps.
Learn more about enabling ESM Apps service at https://ubuntu.com/esm


Last login: Wed Aug  9 14:09:15 2023 from 192.168.0.10
emp-09@emp-09:~$ fish
Welcome to fish, the friendly interactive shell
Type help for instructions on how to use fish
emp-09@emp-09 ~> lxc exec routed-93 -- lxc shell cd-db-01
root@cd-db-01:~# fish
Welcome to fish, the friendly interactive shell
Type help for instructions on how to use fish
root@cd-db-01 ~# mysqlsh --uri mysql://devops:yU0B14NC1PdE@localhost:3306
MySQL Shell 8.0.34

Copyright (c) 2016, 2023, Oracle and/or its affiliates.
Oracle is a registered trademark of Oracle Corporation and/or its affiliates.
Other names may be trademarks of their respective owners.

Type '\help' or '\?' for help; '\quit' to exit.
WARNING: Using a password on the command line interface can be insecure.
Creating a Classic session to 'devops@localhost:3306'
Fetching schema names for auto-completion... Press ^C to stop.
Your MySQL connection id is 134
Server version: 8.0.33-0ubuntu0.22.04.4 (Ubuntu)
No default schema selected; type \use <schema> to set one.
 MySQL  localhost:3306 ssl  JS > dba.checkInstanceConfiguration("devops@localhost:3306")
Please provide the password for 'devops@localhost:3306': ************
Save password for 'devops@localhost:3306'? [Y]es/[N]o/Ne[v]er (default No): Y
Validating local MySQL instance listening at port 3306 for use in an InnoDB cluster...

This instance reports its own address as cd-db-01:3306
Clients and other cluster members will communicate with it through this address by default. If this is not correct, the report_host MySQL system variable should be changed.

Checking whether existing tables comply with Group Replication requirements...
No incompatible tables detected

Checking instance configuration...
Instance configuration is compatible with InnoDB cluster

The instance 'cd-db-01:3306' is valid to be used in an InnoDB cluster.

{
    "status": "ok"
}
 MySQL  localhost:3306 ssl  JS > var chk = dba.checkInstanceConfiguration("devops@localhost:3306");
Validating local MySQL instance listening at port 3306 for use in an InnoDB cluster...

This instance reports its own address as cd-db-01:3306
Clients and other cluster members will communicate with it through this address by default. If this is not correct, the report_host MySQL system variable should be changed.

Checking whether existing tables comply with Group Replication requirements...
No incompatible tables detected

Checking instance configuration...
Instance configuration is compatible with InnoDB cluster

The instance 'cd-db-01:3306' is valid to be used in an InnoDB cluster.

 MySQL  localhost:3306 ssl  JS > print(chk);
{
    "status": "ok"
}
 MySQL  localhost:3306 ssl  JS > dba.configureInstance("devops@localhost:3306")
Configuring local MySQL instance listening at port 3306 for use in an InnoDB cluster...

This instance reports its own address as cd-db-01:3306
Clients and other cluster members will communicate with it through this address by default. If this is not correct, the report_host MySQL system variable should be changed.

applierWorkerThreads will be set to the default value of 4.

The instance 'cd-db-01:3306' is valid to be used in an InnoDB cluster.
The instance 'cd-db-01:3306' is already ready to be used in an InnoDB cluster.

Successfully enabled parallel appliers.
 MySQL  localhost:3306 ssl  JS > var sess = mysql.getClassicSession("devops@localhost:3306", "yU0B14NC1PdE");
 MySQL  localhost:3306 ssl  JS > shell.setSession(sess);
 MySQL  localhost:3306 ssl  JS > shell.status();
MySQL Shell version 8.0.34

Connection Id:                140
Current schema:               
Current user:                 devops@localhost
SSL:                          Cipher in use: TLS_AES_256_GCM_SHA384 TLSv1.3
Using delimiter:              ;
Server version:               8.0.33-0ubuntu0.22.04.4 (Ubuntu)
Protocol version:             Classic 10
Client library:               8.0.34
Connection:                   localhost via TCP/IP
TCP port:                     3306
Server characterset:          utf8mb4
Schema characterset:          utf8mb4
Client characterset:          utf8mb4
Conn. characterset:           utf8mb4
Result characterset:          utf8mb4
Compression:                  Disabled
Uptime:                       5 hours 45 min 59.0000 sec

Threads: 4  Questions: 473  Slow queries: 0  Opens: 322  Flush tables: 3  Open tables: 239  Queries per second avg: 0.022
 MySQL  localhost:3306 ssl  JS > var resultSet = sess.runSql("SHOW DATABASES;");
 MySQL  localhost:3306 ssl  JS > var row = resultSet.fetchOneObject();
 MySQL  localhost:3306 ssl  JS > print(row);
{
    "Database": "information_schema"
}
 MySQL  localhost:3306 ssl  JS > resultSet = sess.runSql("SET PERSIST binlog_transaction_dependency_tracking = 'WRITESET';");
Query OK, 0 rows affected (0.0337 sec)
 MySQL  localhost:3306 ssl  JS > row = resultSet.fetchOneObject();
 MySQL  localhost:3306 ssl  JS > print(row);
null
 MySQL  localhost:3306 ssl  JS > mysql_affected_rows()
ReferenceError: mysql_affected_rows is not defined
 MySQL  localhost:3306 ssl  JS > var resultSet = sess.runSql("SELECT * FROM city WHERE countrycode = ' AUT'");
ClassicSession.runSql: No database selected (MySQL Error 1046)
 MySQL  localhost:3306 ssl  JS > dba.configureInstance("devops@localhost:3306")
Configuring local MySQL instance listening at port 3306 for use in an InnoDB cluster...

This instance reports its own address as cd-db-01:3306
Clients and other cluster members will communicate with it through this address by default. If this is not correct, the report_host MySQL system variable should be changed.

applierWorkerThreads will be set to the default value of 4.

The instance 'cd-db-01:3306' is valid to be used in an InnoDB cluster.
The instance 'cd-db-01:3306' is already ready to be used in an InnoDB cluster.

Successfully enabled parallel appliers.
 MySQL  localhost:3306 ssl  JS > shell.connect("cd@cd-db-01:3306")
Creating a session to 'cd@cd-db-01:3306'
Please provide the password for 'cd@cd-db-01:3306': ************
Shell.connect: Access denied for user 'cd'@'cd-db-01' (using password: YES) (MySQL Error 1045)
 MySQL  localhost:3306 ssl  JS > shell.connect("devops@cd-db-01:3306")
Creating a session to 'devops@cd-db-01:3306'
Please provide the password for 'devops@cd-db-01:3306': ************
Save password for 'devops@cd-db-01:3306'? [Y]es/[N]o/Ne[v]er (default No): yes
Fetching schema names for auto-completion... Press ^C to stop.
Closing old connection...
Your MySQL connection id is 145
Server version: 8.0.33-0ubuntu0.22.04.4 (Ubuntu)
No default schema selected; type \use <schema> to set one.
<ClassicSession:devops@cd-db-01:3306>
 MySQL  cd-db-01:3306 ssl  JS > var cdCluster = dba.createCluster("cdCluster");
Dba.createCluster: dba.createCluster: Unable to create cluster. The instance 'cd-db-01:3306' has a populated Metadata schema and belongs to that Metadata. Use either dba.dropMetadataSchema() to drop the schema, or dba.rebootClusterFromCompleteOutage() to reboot the cluster from complete outage. (RuntimeError)
 MySQL  cd-db-01:3306 ssl  JS > dba.dropMetadataSchema()
Are you sure you want to remove the Metadata? [y/N]: y
ERROR: The MySQL instance at 'cd-db-01:3306' currently has the super_read_only system variable set to protect it from inadvertent updates from applications.
You must first unset it to be able to perform any changes to this instance.
For more information see: https://dev.mysql.com/doc/refman/en/server-system-variables.html#sysvar_super_read_only.
Do you want to disable super_read_only and continue? [y/N]: y

Metadata Schema successfully removed.
 MySQL  cd-db-01:3306 ssl  JS > var cdCluster = dba.createCluster("cdCluster");
A new InnoDB Cluster will be created on instance 'cd-db-01:3306'.

Validating instance configuration at cd-db-01:3306...

This instance reports its own address as cd-db-01:3306

Instance configuration is suitable.
NOTE: Group Replication will communicate with other members using 'cd-db-01:3306'. Use the localAddress option to override.

* Checking connectivity and SSL configuration...

Creating InnoDB Cluster 'cdCluster' on 'cd-db-01:3306'...

Adding Seed Instance...
NOTE: User 'mysql_innodb_cluster_3482280312'@'%' already existed at instance 'cd-db-01:3306'. It will be deleted and created again with a new password.
Cluster successfully created. Use Cluster.addInstance() to add MySQL instances.
At least 3 instances are needed for the cluster to be able to withstand up to
one server failure.

 MySQL  cd-db-01:3306 ssl  JS > exit
ReferenceError: exit is not defined
 MySQL  cd-db-01:3306 ssl  JS > \q
Bye!
root@cd-db-01 ~# mysqlsh --uri mysql://devops:yU0B14NC1PdE@cd-db-02:3306
MySQL Shell 8.0.34

Copyright (c) 2016, 2023, Oracle and/or its affiliates.
Oracle is a registered trademark of Oracle Corporation and/or its affiliates.
Other names may be trademarks of their respective owners.

Type '\help' or '\?' for help; '\quit' to exit.
WARNING: Using a password on the command line interface can be insecure.
Creating a Classic session to 'devops@cd-db-02:3306'
Fetching schema names for auto-completion... Press ^C to stop.
Your MySQL connection id is 34
Server version: 8.0.33-0ubuntu0.22.04.4 (Ubuntu)
No default schema selected; type \use <schema> to set one.
 MySQL  cd-db-02:3306 ssl  JS > dba.dropMetadataSchema()
Are you sure you want to remove the Metadata? [y/N]: y
ERROR: The MySQL instance at 'cd-db-02:3306' currently has the super_read_only system variable set to protect it from inadvertent updates from applications.
You must first unset it to be able to perform any changes to this instance.
For more information see: https://dev.mysql.com/doc/refman/en/server-system-variables.html#sysvar_super_read_only.
Do you want to disable super_read_only and continue? [y/N]: y

Metadata Schema successfully removed.
 MySQL  cd-db-02:3306 ssl  JS > \q
Bye!
root@cd-db-01 ~# mysqlsh --uri mysql://devops:yU0B14NC1PdE@cd-db-03:3306
MySQL Shell 8.0.34

Copyright (c) 2016, 2023, Oracle and/or its affiliates.
Oracle is a registered trademark of Oracle Corporation and/or its affiliates.
Other names may be trademarks of their respective owners.

Type '\help' or '\?' for help; '\quit' to exit.
WARNING: Using a password on the command line interface can be insecure.
Creating a Classic session to 'devops@cd-db-03:3306'
Fetching schema names for auto-completion... Press ^C to stop.
Your MySQL connection id is 11
Server version: 8.0.33-0ubuntu0.22.04.4 (Ubuntu)
No default schema selected; type \use <schema> to set one.
 MySQL  cd-db-03:3306 ssl  JS > dba.dropMetadataSchema()
Dba.dropMetadataSchema: This function is not available through a session to a standalone instance (MYSQLSH 51300)
 MySQL  cd-db-03:3306 ssl  JS > \q
Bye!
root@cd-db-01 ~# mysqlsh --uri mysql://devops:yU0B14NC1PdE@cd-db-01:3306
MySQL Shell 8.0.34

Copyright (c) 2016, 2023, Oracle and/or its affiliates.
Oracle is a registered trademark of Oracle Corporation and/or its affiliates.
Other names may be trademarks of their respective owners.

Type '\help' or '\?' for help; '\quit' to exit.
WARNING: Using a password on the command line interface can be insecure.
Creating a Classic session to 'devops@cd-db-01:3306'
Fetching schema names for auto-completion... Press ^C to stop.
Your MySQL connection id is 171
Server version: 8.0.33-0ubuntu0.22.04.4 (Ubuntu)
No default schema selected; type \use <schema> to set one.
 MySQL  cd-db-01:3306 ssl  JS > var cdCluster = dba.getCluster("cdCluster");
 MySQL  cd-db-01:3306 ssl  JS > cdCluster.status();
{
    "clusterName": "cdCluster", 
    "defaultReplicaSet": {
        "name": "default", 
        "primary": "cd-db-01:3306", 
        "ssl": "REQUIRED", 
        "status": "OK_NO_TOLERANCE", 
        "statusText": "Cluster is NOT tolerant to any failures.", 
        "topology": {
            "cd-db-01:3306": {
                "address": "cd-db-01:3306", 
                "instanceErrors": [
                    "WARNING: Detected an unused recovery account: mysql_innodb_cluster_2202710172. Use Cluster.rescan() to clean up."
                ], 
                "memberRole": "PRIMARY", 
                "mode": "R/W", 
                "readReplicas": {}, 
                "replicationLag": "applier_queue_applied", 
                "role": "HA", 
                "status": "ONLINE", 
                "version": "8.0.33"
            }
        }, 
        "topologyMode": "Single-Primary"
    }, 
    "groupInformationSourceMember": "cd-db-01:3306"
}
 MySQL  cd-db-01:3306 ssl  JS > cdCluster.rescan();
Rescanning the cluster...

Result of the rescanning operation for the 'cdCluster' cluster:
{
    "name": "cdCluster", 
    "newTopologyMode": null, 
    "newlyDiscoveredInstances": [], 
    "unavailableInstances": [], 
    "updatedInstances": []
}

Dropping unused recovery account: 'mysql_innodb_cluster_2202710172'@'%'
 MySQL  cd-db-01:3306 ssl  JS > cdCluster.status();
{
    "clusterName": "cdCluster", 
    "defaultReplicaSet": {
        "name": "default", 
        "primary": "cd-db-01:3306", 
        "ssl": "REQUIRED", 
        "status": "OK_NO_TOLERANCE", 
        "statusText": "Cluster is NOT tolerant to any failures.", 
        "topology": {
            "cd-db-01:3306": {
                "address": "cd-db-01:3306", 
                "memberRole": "PRIMARY", 
                "mode": "R/W", 
                "readReplicas": {}, 
                "replicationLag": "applier_queue_applied", 
                "role": "HA", 
                "status": "ONLINE", 
                "version": "8.0.33"
            }
        }, 
        "topologyMode": "Single-Primary"
    }, 
    "groupInformationSourceMember": "cd-db-01:3306"
}
 MySQL  cd-db-01:3306 ssl  JS > cdCluster.addInstance("goremo@cd-db-02:3306", {password:"yU0B14NC1PdE"});
ERROR: Unable to connect to the target instance 'cd-db-02:3306'. Please verify the connection settings, make sure the instance is available and try again.
Cluster.addInstance: Could not open connection to 'cd-db-02:3306': Access denied for user 'goremo'@'cd-db-01' (using password: YES) (MySQL Error 1045)
 MySQL  cd-db-01:3306 ssl  JS > cdCluster.addInstance("devops@cd-db-02:3306", {password:"yU0B14NC1PdE"});

WARNING: A GTID set check of the MySQL instance at 'cd-db-02:3306' determined that it contains transactions that do not originate from the cluster, which must be discarded before it can join the cluster.

cd-db-02:3306 has the following errant GTIDs that do not exist in the cluster:
be5469f5-3687-11ee-ae4c-00163efd0b6a:1

WARNING: Discarding these extra GTID events can either be done manually or by completely overwriting the state of cd-db-02:3306 with a physical snapshot from an existing cluster member. To use this method by default, set the 'recoveryMethod' option to 'clone'.

Having extra GTID events is not expected, and it is recommended to investigate this further and ensure that the data can be removed prior to choosing the clone recovery method.

Please select a recovery method [C]lone/[A]bort (default Abort): 
ERROR: Cancelled
Cluster.addInstance: Cancelled (RuntimeError)
 MySQL  cd-db-01:3306 ssl  JS > \q
Bye!
root@cd-db-01 ~# mysqlsh --uri mysql://devops:yU0B14NC1PdE@cd-db-02:3306
MySQL Shell 8.0.34

Copyright (c) 2016, 2023, Oracle and/or its affiliates.
Oracle is a registered trademark of Oracle Corporation and/or its affiliates.
Other names may be trademarks of their respective owners.

Type '\help' or '\?' for help; '\quit' to exit.
WARNING: Using a password on the command line interface can be insecure.
Creating a Classic session to 'devops@cd-db-02:3306'
Fetching schema names for auto-completion... Press ^C to stop.
Your MySQL connection id is 38
Server version: 8.0.33-0ubuntu0.22.04.4 (Ubuntu)
No default schema selected; type \use <schema> to set one.
 MySQL  cd-db-02:3306 ssl  JS > \q
Bye!
root@cd-db-01 ~# mysqlsh --uri mysql://devops:yU0B14NC1PdE@cd-db-01:3306
MySQL Shell 8.0.34

Copyright (c) 2016, 2023, Oracle and/or its affiliates.
Oracle is a registered trademark of Oracle Corporation and/or its affiliates.
Other names may be trademarks of their respective owners.

Type '\help' or '\?' for help; '\quit' to exit.
WARNING: Using a password on the command line interface can be insecure.
Creating a Classic session to 'devops@cd-db-01:3306'
Fetching schema names for auto-completion... Press ^C to stop.
Your MySQL connection id is 180
Server version: 8.0.33-0ubuntu0.22.04.4 (Ubuntu)
No default schema selected; type \use <schema> to set one.
 MySQL  cd-db-01:3306 ssl  JS > var cdCluster = dba.getCluster("cdCluster");
 MySQL  cd-db-01:3306 ssl  JS > cdCluster.addInstance("goremo@cd-db-02:3306", {password:"yU0B14NC1PdE"});
ERROR: Unable to connect to the target instance 'cd-db-02:3306'. Please verify the connection settings, make sure the instance is available and try again.
Cluster.addInstance: Could not open connection to 'cd-db-02:3306': Access denied for user 'goremo'@'cd-db-01' (using password: YES) (MySQL Error 1045)
 MySQL  cd-db-01:3306 ssl  JS > cdCluster.addInstance("devops@cd-db-02:3306", {password:"yU0B14NC1PdE"});

WARNING: A GTID set check of the MySQL instance at 'cd-db-02:3306' determined that it contains transactions that do not originate from the cluster, which must be discarded before it can join the cluster.

cd-db-02:3306 has the following errant GTIDs that do not exist in the cluster:
be5469f5-3687-11ee-ae4c-00163efd0b6a:1

WARNING: Discarding these extra GTID events can either be done manually or by completely overwriting the state of cd-db-02:3306 with a physical snapshot from an existing cluster member. To use this method by default, set the 'recoveryMethod' option to 'clone'.

Having extra GTID events is not expected, and it is recommended to investigate this further and ensure that the data can be removed prior to choosing the clone recovery method.

Please select a recovery method [C]lone/[A]bort (default Abort): c
Validating instance configuration at cd-db-02:3306...

This instance reports its own address as cd-db-02:3306

Instance configuration is suitable.
NOTE: Group Replication will communicate with other members using 'cd-db-02:3306'. Use the localAddress option to override.

* Checking connectivity and SSL configuration...
A new instance will be added to the InnoDB Cluster. Depending on the amount of
data on the cluster this might take from a few seconds to several hours.

Adding instance to the cluster...

Monitoring recovery process of the new cluster member. Press ^C to stop monitoring and let it continue in background.
Clone based state recovery is now in progress.

NOTE: A server restart is expected to happen as part of the clone process. If the
server does not support the RESTART command or does not come back after a
while, you may need to manually start it back.

* Waiting for clone to finish...
NOTE: cd-db-02:3306 is being cloned from cd-db-01:3306
** Stage DROP DATA: Completed 
** Clone Transfer  
    FILE COPY  ############################################################  100%  Completed
    PAGE COPY  ############################################################  100%  Completed
    REDO COPY  ############################################################  100%  Completed

NOTE: cd-db-02:3306 is shutting down...

* Waiting for server restart... ready 
* cd-db-02:3306 has restarted, waiting for clone to finish...
** Stage RESTART: Completed
* Clone process has finished: 73.65 MB transferred in about 1 second (~73.65 MB/s)

State recovery already finished for 'cd-db-02:3306'

The instance 'cd-db-02:3306' was successfully added to the cluster.

 MySQL  cd-db-01:3306 ssl  JS > cdCluster.addInstance("devops@cd-db-03:3306", {password:"yU0B14NC1PdE"});

WARNING: A GTID set check of the MySQL instance at 'cd-db-03:3306' determined that it contains transactions that do not originate from the cluster, which must be discarded before it can join the cluster.

cd-db-03:3306 has the following errant GTIDs that do not exist in the cluster:
c718dae8-3687-11ee-860b-00163ee64080:1-6

WARNING: Discarding these extra GTID events can either be done manually or by completely overwriting the state of cd-db-03:3306 with a physical snapshot from an existing cluster member. To use this method by default, set the 'recoveryMethod' option to 'clone'.

Having extra GTID events is not expected, and it is recommended to investigate this further and ensure that the data can be removed prior to choosing the clone recovery method.

Please select a recovery method [C]lone/[A]bort (default Abort): c
Validating instance configuration at cd-db-03:3306...

This instance reports its own address as cd-db-03:3306

Instance configuration is suitable.
NOTE: Group Replication will communicate with other members using 'cd-db-03:3306'. Use the localAddress option to override.

* Checking connectivity and SSL configuration...
A new instance will be added to the InnoDB Cluster. Depending on the amount of
data on the cluster this might take from a few seconds to several hours.

Adding instance to the cluster...

Monitoring recovery process of the new cluster member. Press ^C to stop monitoring and let it continue in background.
Clone based state recovery is now in progress.

NOTE: A server restart is expected to happen as part of the clone process. If the
server does not support the RESTART command or does not come back after a
while, you may need to manually start it back.

* Waiting for clone to finish...
NOTE: cd-db-03:3306 is being cloned from cd-db-02:3306
** Stage DROP DATA: Completed 
** Clone Transfer  
    FILE COPY  ############################################################  100%  Completed
    PAGE COPY  ############################################################  100%  Completed
    REDO COPY  ############################################################  100%  Completed

NOTE: cd-db-03:3306 is shutting down...

* Waiting for server restart... ready 
* cd-db-03:3306 has restarted, waiting for clone to finish...
** Stage RESTART: Completed
* Clone process has finished: 73.65 MB transferred in about 1 second (~73.65 MB/s)

Incremental state recovery is now in progress.

* Waiting for distributed recovery to finish...
NOTE: 'cd-db-03:3306' is being recovered from 'cd-db-02:3306'
* Distributed recovery has finished

The instance 'cd-db-03:3306' was successfully added to the cluster.

 MySQL  cd-db-01:3306 ssl  JS > 